<?xml version="1.0" encoding="utf-8"?><testsuites name="pytest tests"><testsuite name="pytest" errors="0" failures="0" skipped="0" tests="159" time="75.258" timestamp="2026-09-08T08:51:27.170413+08:00" hostname="LAPTOP-6C7TAR27"><testcase classname="tests.test_audit" name="test_unresolved_contract_tokens" time="0.001" /><testcase classname="tests.test_audit" name="test_hierarchy_values_reject_placeholder_tokens[unknown]" time="0.016" /><testcase classname="tests.test_audit" name="test_hierarchy_values_reject_placeholder_tokens[pending]" time="0.011" /><testcase classname="tests.test_audit" name="test_hierarchy_values_reject_placeholder_tokens[n/a]" time="0.011" /><testcase classname="tests.test_audit" name="test_m0_is_fail_closed_for_every_required_contract" time="0.015" /><testcase classname="tests.test_audit" name="test_adversarial_flank_and_distance_placeholders_never_resolve" time="0.020" /><testcase classname="tests.test_audit" name="test_authoritative_metadata_requires_complete_confirmed_coverage" time="0.046" /><testcase classname="tests.test_audit" name="test_authoritative_metadata_rejects_arbitrary_evidence_and_acquisition_conflicts" time="0.021" /><testcase classname="tests.test_audit" name="test_verified_authoritative_metadata_loader_returns_typed_interface" time="0.022" /><testcase classname="tests.test_bp1" name="test_point_bp1_geometry_and_persistence" time="0.002" /><testcase classname="tests.test_bp1" name="test_component_gate_is_explicit" time="0.001" /><testcase classname="tests.test_bp1" name="test_synthetic_component_quantification" time="0.002" /><testcase classname="tests.test_bp1_contracts" name="test_valid_bp1_requires_finite_coordinates[bp1_x_nm]" time="0.002" /><testcase classname="tests.test_bp1_contracts" name="test_valid_bp1_requires_finite_coordinates[bp1_y_nm]" time="0.003" /><testcase classname="tests.test_bp1_contracts" name="test_valid_dna_sites_require_finite_coordinates[site1-site1_x_nm]" time="0.003" /><testcase classname="tests.test_bp1_contracts" name="test_valid_dna_sites_require_finite_coordinates[site1-site1_y_nm]" time="0.002" /><testcase classname="tests.test_bp1_contracts" name="test_valid_dna_sites_require_finite_coordinates[site2-site2_x_nm]" time="0.002" /><testcase classname="tests.test_bp1_contracts" name="test_valid_dna_sites_require_finite_coordinates[site2-site2_y_nm]" time="0.002" /><testcase classname="tests.test_bp1_contracts" name="test_unassessable_point_absence_never_becomes_zero_colocalization_or_negative" time="0.003" /><testcase classname="tests.test_bp1_contracts" name="test_optional_technical_flags_separate_missing_failure_and_nondetection" time="0.005" /><testcase classname="tests.test_bp1_contracts" name="test_bp1_burden_and_detected_conditional_colocalization_have_explicit_denominators" time="0.003" /><testcase classname="tests.test_bp1_contracts" name="test_contradictory_or_ambiguous_status_flags_fail_closed" time="0.005" /><testcase classname="tests.test_bp1_contracts" name="test_empty_or_placeholder_component_contract_stays_gated" time="0.002" /><testcase classname="tests.test_bp1_contracts" name="test_component_gate_requires_every_evidence_stage_and_complete_output_schema" time="0.003" /><testcase classname="tests.test_io" name="test_parse_formal_trajectory_filename" time="0.001" /><testcase classname="tests.test_io" name="test_read_trajectory_contract" time="0.010" /><testcase classname="tests.test_io" name="test_exact_micro_times_does_not_replace_nonuniform_axis" time="0.001" /><testcase classname="tests.test_missingness" name="test_missingness_long_table_and_asymmetry" time="0.010" /><testcase classname="tests.test_missingness" name="test_empirical_dropout_is_reproducible_and_no_interpolation" time="0.001" /><testcase classname="tests.test_missingness" name="test_missingness_gate_reports_absent_intensity" time="0.001" /><testcase classname="tests.test_mixed_models" name="test_bh_is_monotone_in_rank" time="0.001" /><testcase classname="tests.test_mixed_models" name="test_cluster_bootstrap_resamples_clusters" time="0.389" /><testcase classname="tests.test_mixed_models" name="test_macro_contract_gates_unmapped_hours" time="0.002" /><testcase classname="tests.test_oligo_vac" name="test_eq9_contract_and_alpha_recovery" time="0.002" /><testcase classname="tests.test_oligo_vac" name="test_multi_delta_vac_uses_only_metric_support" time="0.152" /><testcase classname="tests.test_oligo_vac" name="test_save_figure_preserves_decimal_hour_stem" time="0.548" /><testcase classname="tests.test_oligo_vcc" name="test_reference_interpolation_is_trilinear" time="0.002" /><testcase classname="tests.test_oligo_vcc" name="test_tau_grid_recovers_synthetic_communication_time" time="0.008" /><testcase classname="tests.test_oligo_vcc" name="test_bidirectional_trace_is_equal_weighted" time="0.055" /><testcase classname="tests.test_oligo_vcc" name="test_reverse_direction_matrix_is_transposed_before_mean" time="0.069" /><testcase classname="tests.test_pair_modes" name="test_identical_pair_has_zero_relative_mode_and_differential_energy" time="0.002" /><testcase classname="tests.test_pair_modes" name="test_opposite_steps_have_only_differential_energy" time="0.001" /><testcase classname="tests.test_pair_modes" name="test_common_differential_parallelogram_identity_for_general_motion" time="0.002" /><testcase classname="tests.test_pair_modes" name="test_pair_modes_retain_missing_rows_without_partial_coordinate_use" time="0.001" /><testcase classname="tests.test_pair_modes" name="test_zero_motion_has_undefined_coherent_fraction" time="0.001" /><testcase classname="tests.test_physical_metrics" name="test_identical_pair_has_zero_mscd_and_unit_zero_lag_vcc" time="0.010" /><testcase classname="tests.test_physical_metrics" name="test_opposite_motion_has_minus_one_zero_lag_vcc" time="0.003" /><testcase classname="tests.test_physical_metrics" name="test_independent_brownian_pair_has_near_zero_vcc" time="0.024" /><testcase classname="tests.test_physical_metrics" name="test_brownian_msd_is_linear_with_lag" time="0.207" /><testcase classname="tests.test_physical_metrics" name="test_subdiffusive_fbm_has_negative_short_lag_vac" time="0.009" /><testcase classname="tests.test_physical_metrics" name="test_localization_noise_produces_identifiable_msd_intercept" time="0.386" /><testcase classname="tests.test_physical_metrics" name="test_vac_is_normalized_by_observed_zero_lag_energy" time="0.006" /><testcase classname="tests.test_physical_metrics" name="test_directed_motion_enriches_near_zero_turns" time="0.006" /><testcase classname="tests.test_physical_metrics" name="test_reversal_motion_enriches_near_pi_turns" time="0.003" /><testcase classname="tests.test_physical_metrics" name="test_primary_frame_step_dcd_recovers_directed_and_reversal_signatures" time="0.003" /><testcase classname="tests.test_physical_metrics" name="test_implicit_exact_time_dcd_fails_closed_on_jitter" time="0.003" /><testcase classname="tests.test_physical_metrics" name="test_missing_frames_use_only_valid_endpoint_pairs_without_interpolation" time="0.002" /><testcase classname="tests.test_physical_metrics" name="test_exact_time_default_tolerance_is_epoch_safe_without_becoming_a_lag_bin" time="0.002" /><testcase classname="tests.test_physical_metrics" name="test_missing_frame_does_not_create_a_turn_or_velocity_across_unit_gap" time="0.002" /><testcase classname="tests.test_physical_metrics" name="test_directed_burst_candidates_are_split_by_original_row_gaps" time="0.002" /><testcase classname="tests.test_physical_metrics" name="test_turning_angle_tolerance_cannot_join_distinct_physical_vertices" time="0.001" /><testcase classname="tests.test_physical_metrics" name="test_turning_angle_tolerance_keeps_a_true_shared_vertex" time="0.002" /><testcase classname="tests.test_physical_metrics" name="test_min_pairs_masks_value_but_preserves_pair_count" time="0.001" /><testcase classname="tests.test_physical_metrics" name="test_frame_step_msd_retains_pairs_under_small_timestamp_jitter" time="0.003" /><testcase classname="tests.test_physical_metrics" name="test_implicit_exact_time_curves_fail_closed_on_jitter_but_primary_retains_support" time="0.003" /><testcase classname="tests.test_physical_metrics" name="test_frame_step_curve_exposes_burst_and_long_gap_elapsed_times" time="0.002" /><testcase classname="tests.test_physical_metrics" name="test_frame_step_elapsed_time_summary_uses_valid_metric_endpoints" time="0.002" /><testcase classname="tests.test_physical_metrics" name="test_frame_step_velocity_and_vac_handle_jittered_timestamps" time="0.003" /><testcase classname="tests.test_physical_metrics" name="test_frame_step_vcc_is_unit_for_identical_and_opposite_motion" time="0.003" /><testcase classname="tests.test_physical_metrics" name="test_msd_reports_endpoint_pair_sample_sd_not_standard_error" time="0.002" /><testcase classname="tests.test_physical_metrics" name="test_vcc_matrix_retains_cross_components_and_scalar_is_its_trace" time="0.003" /><testcase classname="tests.test_physical_metrics" name="test_vcc_primary_uses_fixed_zero_lag_energy_under_asymmetric_missingness" time="0.004" /><testcase classname="tests.test_physical_metrics" name="test_guarded_curve_integral_does_not_bridge_unsupported_lags" time="0.001" /><testcase classname="tests.test_physical_metrics" name="test_positive_short_lag_integral_handles_zero_crossings_exactly" time="0.001" /><testcase classname="tests.test_physical_metrics" name="test_curve_auc_uses_frame_step_empirical_elapsed_time" time="0.001" /><testcase classname="tests.test_physical_metrics" name="test_frame_step_velocity_correlations_do_not_compress_missing_endpoints" time="0.003" /><testcase classname="tests.test_plots" name="test_design_figure_writes_all_formats" time="2.412" /><testcase classname="tests.test_plots" name="test_motion_dropout_figure_writes_supported_acquisition_estimates" time="1.883" /><testcase classname="tests.test_qc" name="test_primary_qc_uses_config_and_records_all_nonexclusive_reasons" time="0.176" /><testcase classname="tests.test_qc" name="test_legacy_flank_config_keys_are_accepted_only_as_aliases" time="0.169" /><testcase classname="tests.test_qc" name="test_primary_qc_thresholds_are_finite_and_domain_valid[min_site1_valid_frames-nan]" time="0.001" /><testcase classname="tests.test_qc" name="test_primary_qc_thresholds_are_finite_and_domain_valid[min_site2_valid_frames-inf]" time="0.001" /><testcase classname="tests.test_qc" name="test_primary_qc_thresholds_are_finite_and_domain_valid[min_paired_valid_frames--1]" time="0.001" /><testcase classname="tests.test_qc" name="test_primary_qc_thresholds_are_finite_and_domain_valid[min_longest_paired_run-1.5]" time="0.001" /><testcase classname="tests.test_qc" name="test_primary_qc_thresholds_are_finite_and_domain_valid[min_paired_coverage--0.1]" time="0.001" /><testcase classname="tests.test_qc" name="test_primary_qc_thresholds_are_finite_and_domain_valid[min_paired_coverage-1.1]" time="0.001" /><testcase classname="tests.test_qc" name="test_exclusion_flow_contains_reason_hour_and_acquisition_rows" time="0.181" /><testcase classname="tests.test_qc" name="test_missingness_asymmetry_is_neutral_and_exact" time="0.025" /><testcase classname="tests.test_qc" name="test_t03_summary_reports_pairing_provenance_associations_and_explicit_gates" time="0.172" /><testcase classname="tests.test_qc" name="test_exact_timing_is_collapsed_to_acquisition_units_when_available" time="0.216" /><testcase classname="tests.test_qc" name="test_motion_missingness_diagnostics_use_cells_within_acquisition" time="0.245" /><testcase classname="tests.test_qc" name="test_motion_missingness_settings_fail_closed_when_invalid" time="0.004" /><testcase classname="tests.test_qc" name="test_localization_confidence_is_an_explicit_unavailable_gate" time="0.015" /><testcase classname="tests.test_qc" name="test_qc_writer_applies_scope_guard_before_creating_outputs" time="0.173" /><testcase classname="tests.test_qc" name="test_qc_writer_validates_figure_scope_before_writing_tables" time="0.190" /><testcase classname="tests.test_qc" name="test_qc_writer_succeeds_inside_results_allowlist" time="8.283" /><testcase classname="tests.test_schema" name="test_neutral_site_schema_is_structurally_valid_but_does_not_infer_flanks" time="0.037" /><testcase classname="tests.test_schema" name="test_resolved_metadata_allows_complete_contract_to_pass" time="0.079" /><testcase classname="tests.test_schema" name="test_snapshot_default_macro_hours_are_explicit_and_include_half_hours" time="0.072" /><testcase classname="tests.test_schema" name="test_missing_and_invalid_macro_hours_have_distinct_issue_records" time="0.060" /><testcase classname="tests.test_schema" name="test_active_config_coordinate_and_design_evidence_close_m0" time="0.031" /><testcase classname="tests.test_schema" name="test_neutral_bundle_schema_is_detected_and_validated" time="0.032" /><testcase classname="tests.test_schema" name="test_neutral_frame_and_bundle_tables_reconcile_without_flank_renaming" time="0.078" /><testcase classname="tests.test_schema" name="test_canonical_frame_and_bundle_schema_remains_supported" time="0.083" /><testcase classname="tests.test_schema" name="test_data_contract_resolves_allowed_hours_from_config_or_explicit_override" time="0.169" /><testcase classname="tests.test_schema" name="test_required_frame_and_bundle_fields_are_machine_readable" time="0.003" /><testcase classname="tests.test_schema" name="test_frame_validator_detects_uniqueness_time_containment_hours_and_pair_logic" time="0.047" /><testcase classname="tests.test_schema" name="test_valid_pair_mask_is_exact_boolean_intersection" time="0.009" /><testcase classname="tests.test_schema" name="test_bundle_counts_and_coverage_are_validated" time="0.016" /><testcase classname="tests.test_schema" name="test_validation_reports_write_json_and_markdown" time="0.010" /><testcase classname="tests.test_schema" name="test_validation_partition_allows_only_declared_metadata_gaps" time="0.001" /><testcase classname="tests.test_snapshot_provenance" name="test_existing_snapshot_is_verified_and_never_rewritten" time="0.187" /><testcase classname="tests.test_snapshot_provenance" name="test_new_snapshot_is_published_at_content_addressed_final_path" time="0.294" /><testcase classname="tests.test_snapshot_provenance" name="test_tampered_existing_snapshot_fails_closed_without_repairing_it" time="0.152" /><testcase classname="tests.test_snapshot_provenance" name="test_legacy_snapshot_is_left_untouched_and_not_reused" time="0.167" /><testcase classname="tests.test_snapshot_provenance" name="test_snapshot_path_is_content_bound_to_archive_manifest" time="0.116" /><testcase classname="tests.test_tables" name="test_longest_true_run_does_not_bridge_gaps" time="0.001" /><testcase classname="tests.test_tables" name="test_bundle_summary_uses_neutral_site_counts_and_preserves_unknown_experiment" time="0.010" /><testcase classname="tests.test_tables" name="test_snapshot_manifest_contract_never_marks_review_as_included" time="0.015" /><testcase classname="tests.test_tables" name="test_inferred_inventory_hour_is_not_promoted_to_analysis_label" time="0.022" /><testcase classname="tests.test_tables" name="test_exact_and_uniform_timing_provenance_are_distinct" time="0.004" /><testcase classname="tests.test_tables" name="test_exact_intervals_align_with_interval_to_next_frame" time="0.001" /><testcase classname="tests.test_tables" name="test_build_analysis_tables_end_to_end_from_minimal_snapshot" time="0.134" /><testcase classname="tests.test_tables" name="test_reconciliation_values_are_json_serializable" time="0.001" /><testcase classname="tests.test_tables" name="test_table_writer_requires_explicit_project_allowlist" time="0.024" /><testcase classname="tests.test_tables" name="test_table_writer_rejects_outside_or_source_overlapping_output_before_write" time="0.020" /><testcase classname="tests.test_tables" name="test_caller_cannot_declare_external_source_as_allowed_root" time="0.007" /><testcase classname="tests.test_tables" name="test_snapshot_scope_requires_project_data_snapshot_tree" time="0.011" /><testcase classname="tests.test_tiered_qc" name="test_four_tiers_preserve_all_observed_frames_and_existing_strict_membership" time="0.197" /><testcase classname="tests.test_tiered_qc" name="test_exact_time_formal_source_and_strict_reference_fail_closed" time="0.046" /><testcase classname="tests.test_tiered_qc" name="test_relaxed_qc_rejects_hidden_coverage_threshold" time="0.024" /><testcase classname="tests.test_tiered_qc" name="test_writer_is_scoped_and_immutable" time="0.430" /><testcase classname="tests.test_time_resolved_physics" name="test_absent_frame_is_not_compressed_and_site_metrics_are_independent" time="0.164" /><testcase classname="tests.test_time_resolved_physics" name="test_units_normalization_sd_matched_delta_and_bidirectional_vcc" time="0.163" /><testcase classname="tests.test_time_resolved_physics" name="test_primary_matched_delta_can_overlap_paper_family_without_recalculation_rows" time="0.111" /><testcase classname="tests.test_time_resolved_physics_plots" name="test_writer_runs_all_separate_figures_and_emits_nonempty_formats" time="32.390" /><testcase classname="tests.test_time_resolved_physics_plots" name="test_missing_five_hour_vac_is_an_explicit_empty_panel_not_a_failure" time="7.736" /><testcase classname="tests.test_time_resolved_physics_plots" name="test_curve_schema_is_validated_before_plotting" time="0.007" /><testcase classname="tests.test_time_resolved_physics_summary" name="test_summary_recovers_known_descriptive_exponents_and_symmetric_vcc" time="1.680" /><testcase classname="tests.test_time_resolved_physics_summary" name="test_non_primary_velocity_family_is_not_used_for_cross_hour_summary" time="0.171" /><testcase classname="tests.test_time_resolved_physics_summary" name="test_vcc_matrix_summary_transposes_reverse_direction_before_mean" time="0.070" /><testcase classname="tests.test_unfiltered_cache" name="test_unfiltered_cache_preserves_site_rows_and_no_association" time="0.117" /><testcase classname="tests.test_v521_case_selection" name="test_complete_pair_selection_uses_trajectory_mean_and_declared_coverage" time="0.064" /><testcase classname="tests.test_v521_case_selection_frame_exclusion" name="test_exact_t5_t10_exclusion_and_reranking" time="0.043" /><testcase classname="tests.test_v521_case_study_multichannel_review" name="test_hour_normalization_and_reference_shift_contract" time="0.009" /><testcase classname="tests.test_v521_case_study_multichannel_review" name="test_distance_demo_variants_have_expected_panel_counts" time="0.347" /><testcase classname="tests.test_v521_case_study_multichannel_review" name="test_nucleus_mask_validation_rejects_scaffolds" time="0.001" /><testcase classname="tests.test_v521_intake" name="test_localize_sherlock_path_to_frozen_root" time="0.004" /><testcase classname="tests.test_v521_intake" name="test_pair_with_shared_frames_is_separate_from_track_only_pair" time="0.001" /><testcase classname="tests.test_v521_intake" name="test_global_bp1_only_is_not_called_unusable" time="0.001" /><testcase classname="tests.test_v521_msd_final_visualization" name="test_trajectory_power_fit_recovers_exact_alpha" time="0.002" /><testcase classname="tests.test_v521_msd_final_visualization" name="test_log_window_mean_matches_constant_curve" time="0.001" /><testcase classname="tests.test_v521_msd_final_visualization" name="test_case_selection_uses_closest_supported_unique_bundles" time="0.012" /><testcase classname="tests.test_v521_msd_final_visualization" name="test_top_alpha_selection_is_descending_and_support_guarded" time="0.006" /><testcase classname="tests.test_v521_pair_galleries" name="test_frozen_t3_t4_rules_and_radius_order" time="0.077" /><testcase classname="tests.test_v521_shared_frame_separation" name="test_shared_frame_histogram_retains_all_and_marks_threshold" time="0.016" /><testcase classname="tests.test_v521_shared_frame_separation" name="test_shared_frame_histogram_writes_three_figure_formats" time="2.655" /><testcase classname="tests.test_v521_shared_frame_separation" name="test_slide_figure_writes_five_histograms_and_complete_trend" time="2.889" /><testcase classname="tests.test_v521_shared_frame_separation" name="test_final_ppt_figure_writes_two_histograms_and_hour_statistics" time="2.958" /></testsuite></testsuites>